<?xml version="1.0" encoding="UTF-8"?>
<!-- Generated by org.testng.reporters.JUnitReportReporter -->
<testsuite skipped="0" hostname="ADMINRG-VCJLH23" name="MagentoAppTest" tests="1" failures="0" timestamp="22 Jan 2019 21:51:46 GMT" time="108.114" errors="0">
  <testcase name="magento" time="108.114" classname="MagentoAppTest"/>
</testsuite> <!-- MagentoAppTest -->
